<?xml version="1.0" encoding="UTF-8"?>
<!-- Generated by org.testng.reporters.JUnitReportReporter -->
<testsuite skipped="0" hostname="DESKTOP-FS0PAI2" name="DDF.linkedin_login" tests="3" failures="0" timestamp="27 Jun 2021 09:15:24 GMT" time="63.626" errors="0">
  <testcase name="loginverify" time="21.939" classname="DDF.linkedin_login"/>
  <testcase name="loginverify" time="18.967" classname="DDF.linkedin_login"/>
  <testcase name="loginverify" time="22.720" classname="DDF.linkedin_login"/>
</testsuite> <!-- DDF.linkedin_login -->
