<?xml version="1.0" encoding="UTF-8"?>
<!-- Generated by org.testng.reporters.JUnitReportReporter -->
<testsuite skipped="0" hostname="DESKTOP-FS0PAI2" name="linkedin.TC1" tests="1" failures="0" timestamp="26 Jun 2021 07:59:50 GMT" time="43.462" errors="0">
  <testcase name="verifylogin" time="43.462" classname="linkedin.TC1"/>
</testsuite> <!-- linkedin.TC1 -->
