<?xml version="1.0" encoding="UTF-8"?>
<!-- Generated by org.testng.reporters.JUnitReportReporter -->
<testsuite skipped="1" hostname="DESKTOP-FS0PAI2" name="DDF.linkedin_login2" tests="1" failures="0" timestamp="29 Jun 2021 07:26:15 GMT" time="0.000" errors="0">
  <testcase name="loginverify" time="0.000" classname="DDF.linkedin_login2">
    <skipped/>
  </testcase> <!-- loginverify -->
</testsuite> <!-- DDF.linkedin_login2 -->
